Determining if the pthread_create exist failed with the following output:
Change Dir: /home/sophie/ROS/src/walle/build/CMakeFiles/CMakeTmp

Run Build Command:/usr/bin/make "cmTryCompileExec1973403961/fast"
make[1]: Entering directory `/home/sophie/ROS/src/walle/build/CMakeFiles/CMakeTmp'
/usr/bin/make -f CMakeFiles/cmTryCompileExec1973403961.dir/build.make CMakeFiles/cmTryCompileExec1973403961.dir/build
make[2]: Entering directory `/home/sophie/ROS/src/walle/build/CMakeFiles/CMakeTmp'
/usr/bin/cmake -E cmake_progress_report /home/sophie/ROS/src/walle/build/CMakeFiles/CMakeTmp/CMakeFiles 1
Building C object CMakeFiles/cmTryCompileExec1973403961.dir/CheckSymbolExists.c.o
/usr/bin/cc    -o CMakeFiles/cmTryCompileExec1973403961.dir/CheckSymbolExists.c.o   -c /home/sophie/ROS/src/walle/build/CMakeFiles/CMakeTmp/CheckSymbolExists.c
Linking C executable cmTryCompileExec1973403961
/usr/bin/cmake -E cmake_link_script CMakeFiles/cmTryCompileExec1973403961.dir/link.txt --verbose=1
/usr/bin/cc       CMakeFiles/cmTryCompileExec1973403961.dir/CheckSymbolExists.c.o  -o cmTryCompileExec1973403961 -rdynamic 
CMakeFiles/cmTryCompileExec1973403961.dir/CheckSymbolExists.c.o: In function `main':
CheckSymbolExists.c:(.text+0x16): undefined reference to `pthread_create'
collect2: error: ld returned 1 exit status
make[2]: *** [cmTryCompileExec1973403961] Error 1
make[2]: Leaving directory `/home/sophie/ROS/src/walle/build/CMakeFiles/CMakeTmp'
make[1]: Leaving directory `/home/sophie/ROS/src/walle/build/CMakeFiles/CMakeTmp'
make[1]: *** [cmTryCompileExec1973403961/fast] Error 2

File /home/sophie/ROS/src/walle/build/CMakeFiles/CMakeTmp/CheckSymbolExists.c:
/* */
#include <pthread.h>

int main(int argc, char** argv)
{
  (void)argv;
#ifndef pthread_create
  return ((int*)(&pthread_create))[argc];
#else
  (void)argc;
  return 0;
#endif
}

Determining if the function pthread_create exists in the pthreads failed with the following output:
Change Dir: /home/sophie/ROS/src/walle/build/CMakeFiles/CMakeTmp

Run Build Command:/usr/bin/make "cmTryCompileExec2840313251/fast"
make[1]: Entering directory `/home/sophie/ROS/src/walle/build/CMakeFiles/CMakeTmp'
/usr/bin/make -f CMakeFiles/cmTryCompileExec2840313251.dir/build.make CMakeFiles/cmTryCompileExec2840313251.dir/build
make[2]: Entering directory `/home/sophie/ROS/src/walle/build/CMakeFiles/CMakeTmp'
/usr/bin/cmake -E cmake_progress_report /home/sophie/ROS/src/walle/build/CMakeFiles/CMakeTmp/CMakeFiles 1
Building C object CMakeFiles/cmTryCompileExec2840313251.dir/CheckFunctionExists.c.o
/usr/bin/cc   -DCHECK_FUNCTION_EXISTS=pthread_create   -o CMakeFiles/cmTryCompileExec2840313251.dir/CheckFunctionExists.c.o   -c /usr/share/cmake-2.8/Modules/CheckFunctionExists.c
Linking C executable cmTryCompileExec2840313251
/usr/bin/cmake -E cmake_link_script CMakeFiles/cmTryCompileExec2840313251.dir/link.txt --verbose=1
/usr/bin/cc   -DCHECK_FUNCTION_EXISTS=pthread_create    CMakeFiles/cmTryCompileExec2840313251.dir/CheckFunctionExists.c.o  -o cmTryCompileExec2840313251 -rdynamic -lpthreads 
/usr/bin/ld: cannot find -lpthreads
collect2: error: ld returned 1 exit status
make[2]: *** [cmTryCompileExec2840313251] Error 1
make[2]: Leaving directory `/home/sophie/ROS/src/walle/build/CMakeFiles/CMakeTmp'
make[1]: *** [cmTryCompileExec2840313251/fast] Error 2
make[1]: Leaving directory `/home/sophie/ROS/src/walle/build/CMakeFiles/CMakeTmp'


